[   15.392493] cpif: IOD-TX(18): 00 00 49 09 12 00 00 00 00 00 00 00 7d 03 0b 11 04 28
[   15.393575] cpif: IOD-TX(12): 00 00 01 08 0c 00 02 00 00 00 00 00
[   15.400481] cpif: IOD-TX(12): 00 00 01 08 0c 00 01 00 00 00 00 00
[   16.747864] cpif: IOD-TX(140): 00 00 22 09 8c 00 03 00 00 00 00 00 50 69 78 65 6c 20 36 00 00 00 00 00 00 00 00 00 00 00 00 00 00 00 00 00 00 00 00 00 00 00 00 00 42 50 31 31 2e 32 34 31 30 32 35 2e 30 30 36 00 00 00 00 00 00 00 00 00 00 00 00 00 00 00 00 00 6f 72 69 6f 6c 65 5f 62 65 74 61 00 00 00 00 00 00 00 00 00 00 00 00 00 00 00 00 00 00 00 00 00 31 35 00 00 00 00 00 00 00 00 00 00 00 00 00 00 00 00 00 00 00 00 00 00 00 00 00 00 00 00 00 00
[   16.756246] cpif: IOD-TX(14): 00 00 05 46 0e 00 04 00 00 00 00 00 39 30
[   16.756916] cpif: IOD-TX(140): 00 00 22 09 8c 00 05 00 00 00 00 00 50 69 78 65 6c 20 36 00 00 00 00 00 00 00 00 00 00 00 00 00 00 00 00 00 00 00 00 00 00 00 00 00 42 50 31 31 2e 32 34 31 30 32 35 2e 30 30 36 00 00 00 00 00 00 00 00 00 00 00 00 00 00 00 00 00 6f 72 69 6f 6c 65 5f 62 65 74 61 00 00 00 00 00 00 00 00 00 00 00 00 00 00 00 00 00 00 00 00 00 31 35 00 00 00 00 00 00 00 00 00 00 00 00 00 00 00 00 00 00 00 00 00 00 00 00 00 00 00 00 00 00
[   16.762740] cpif: IOD-TX(18): 00 00 00 08 12 00 06 00 00 00 00 00 02 00 00 00 00 00
[   16.763804] cpif: IOD-TX(13): 00 00 0b 09 0d 00 07 00 00 00 00 00 00
[   16.777548] cpif: IOD-TX(13): 00 00 20 0c 0d 00 08 00 00 00 00 00 00
[   16.804483] cpif: IOD-TX(13): 00 00 3f 09 0d 00 09 00 00 00 00 00 00
[   16.804702] cpif: IOD-TX(13): 00 00 33 0c 0d 00 0a 00 00 00 00 00 00
[   16.809207] cpif: IOD-TX(24): 00 00 04 04 18 00 0b 00 00 00 00 00 01 01 00 00 00 00 00 00 00 00 00 00
[   18.143473] cpif: IOD-TX(13): 00 00 20 0c 0d 00 0c 00 00 00 00 00 01
[   18.187390] cpif: IOD-TX(13): 00 00 20 0c 0d 00 0d 00 00 00 00 00 00
[   18.192766] cpif: IOD-TX(13): 00 00 20 0c 0d 00 0e 00 00 00 00 00 01
[   18.195353] cpif: IOD-TX(13): 00 00 33 0c 0d 00 0f 00 00 00 00 00 00
[   18.607825] cpif: IOD-TX(12): 00 00 00 02 0c 00 10 00 00 00 00 00
[   18.624074] cpif: IOD-TX(12): 00 00 00 02 0c 00 11 00 00 00 00 00
[   18.972740] cpif: IOD-TX(12): 00 00 00 09 0c 00 12 00 00 00 00 00
[   19.043170] cpif: IOD-TX(16): 00 00 03 09 10 00 13 00 00 00 00 00 00 00 00 00
[   19.141906] cpif: IOD-TX(12): 00 00 4d 02 0c 00 14 00 00 00 00 00
[   19.146892] cpif: IOD-TX(12): 00 00 00 00 0c 00 15 00 00 00 00 00
[   19.148880] cpif: IOD-TX(13): 00 00 01 09 0d 00 16 00 00 00 00 00 ff
[   19.149692] cpif: IOD-TX(12): 00 00 18 07 0c 00 17 00 00 00 00 00
[   19.164899] cpif: IOD-TX(12): 00 00 00 02 0c 00 18 00 00 00 00 00
[   19.170435] cpif: IOD-TX(12): 00 00 03 04 0c 00 19 00 00 00 00 00
[   19.174332] cpif: IOD-TX(67): 00 00 43 09 43 00 1a 00 00 00 00 00 b8 0b 00 00 02 00 00 00 04 93 ff ff ff 99 ff ff ff 9f ff ff ff a7 ff ff ff 00 00 00 00 00 00 00 00 00 00 00 00 00 00 00 00 00 00 00 00 00 00 00 00 01 00 00 00 01 01
[   19.174902] cpif: IOD-TX(12): 00 00 02 07 0c 00 1b 00 00 00 00 00
[   19.178225] cpif: IOD-TX(67): 00 00 43 09 43 00 1c 00 00 00 00 00 b8 0b 00 00 02 00 00 00 04 8e ff ff ff 98 ff ff ff a2 ff ff ff ac ff ff ff 00 00 00 00 00 00 00 00 00 00 00 00 00 00 00 00 00 00 00 00 00 00 00 00 02 00 00 00 02 01
[   19.178302] cpif: IOD-TX(12): 00 00 03 07 0c 00 1d 00 00 00 00 00
[   19.182183] cpif: IOD-TX(67): 00 00 43 09 43 00 1e 00 00 00 00 00 b8 0b 00 00 02 00 00 00 04 80 ff ff ff 8a ff ff ff 94 ff ff ff 9e ff ff ff 00 00 00 00 00 00 00 00 00 00 00 00 00 00 00 00 00 00 00 00 00 00 00 00 03 00 00 00 03 01
[   19.182212] cpif: IOD-TX(12): 00 00 02 07 0c 00 1f 00 00 00 00 00
[   19.186617] cpif: IOD-TX(67): 00 00 43 09 43 00 20 00 00 00 00 00 b8 0b 00 00 02 00 00 00 04 97 ff ff ff a6 ff ff ff b5 ff ff ff bf ff ff ff 00 00 00 00 00 00 00 00 00 00 00 00 00 00 00 00 00 00 00 00 00 00 00 00 05 00 00 00 01 01
[   19.187340] cpif: IOD-TX(12): 00 00 03 07 0c 00 21 00 00 00 00 00
[   19.190673] cpif: IOD-TX(67): 00 00 43 09 43 00 22 00 00 00 00 00 b8 0b 00 00 02 00 00 00 00 00 00 00 00 00 00 00 00 00 00 00 00 00 00 00 00 00 00 00 00 00 00 00 00 00 00 00 00 00 00 00 00 00 00 00 00 00 00 00 00 03 00 00 00 04 00
[   19.194888] cpif: IOD-TX(67): 00 00 43 09 43 00 23 00 00 00 00 00 b8 0b 00 00 02 00 00 00 04 fd ff ff ff 01 00 00 00 05 00 00 00 0d 00 00 00 00 00 00 00 00 00 00 00 00 00 00 00 00 00 00 00 00 00 00 00 00 00 00 00 03 00 00 00 05 01
[   19.198936] cpif: IOD-TX(67): 00 00 43 09 43 00 24 00 00 00 00 00 b8 0b 00 00 02 00 00 00 04 92 ff ff ff a6 ff ff ff b0 ff ff ff bf ff ff ff 00 00 00 00 00 00 00 00 00 00 00 00 00 00 00 00 00 00 00 00 00 00 00 00 04 00 00 00 06 01
[   19.203172] cpif: IOD-TX(67): 00 00 43 09 43 00 25 00 00 00 00 00 b8 0b 00 00 02 00 00 00 00 00 00 00 00 00 00 00 00 00 00 00 00 00 00 00 00 00 00 00 00 00 00 00 00 00 00 00 00 00 00 00 00 00 00 00 00 00 00 00 00 04 00 00 00 07 00
[   19.206901] cpif: IOD-TX(67): 00 00 43 09 43 00 26 00 00 00 00 00 b8 0b 00 00 02 00 00 00 00 00 00 00 00 00 00 00 00 00 00 00 00 00 00 00 00 00 00 00 00 00 00 00 00 00 00 00 00 00 00 00 00 00 00 00 00 00 00 00 00 04 00 00 00 08 00
[   19.210883] cpif: IOD-TX(67): 00 00 43 09 43 00 27 00 00 00 00 00 b8 0b 00 00 02 00 00 00 00 00 00 00 00 00 00 00 00 00 00 00 00 00 00 00 00 00 00 00 00 00 00 00 00 00 00 00 00 00 00 00 00 00 00 00 00 00 00 00 00 02 00 00 00 09 00
[   19.214990] cpif: IOD-TX(67): 00 00 43 09 43 00 28 00 00 00 00 00 b8 0b 00 00 02 00 00 00 04 93 ff ff ff 99 ff ff ff 9f ff ff ff a7 ff ff ff 00 00 00 00 00 00 00 00 00 00 00 00 00 00 00 00 00 00 00 00 00 00 00 00 01 00 00 00 01 01
[   19.220061] cpif: IOD-TX(67): 00 00 43 09 43 00 29 00 00 00 00 00 b8 0b 00 00 02 00 00 00 04 8e ff ff ff 98 ff ff ff a2 ff ff ff ac ff ff ff 00 00 00 00 00 00 00 00 00 00 00 00 00 00 00 00 00 00 00 00 00 00 00 00 02 00 00 00 02 01
[   19.224763] cpif: IOD-TX(67): 00 00 43 09 43 00 2a 00 00 00 00 00 b8 0b 00 00 02 00 00 00 04 80 ff ff ff 8a ff ff ff 94 ff ff ff 9e ff ff ff 00 00 00 00 00 00 00 00 00 00 00 00 00 00 00 00 00 00 00 00 00 00 00 00 03 00 00 00 03 01
[   19.228145] cpif: IOD-TX(67): 00 00 43 09 43 00 2b 00 00 00 00 00 b8 0b 00 00 02 00 00 00 04 97 ff ff ff a6 ff ff ff b5 ff ff ff bf ff ff ff 00 00 00 00 00 00 00 00 00 00 00 00 00 00 00 00 00 00 00 00 00 00 00 00 05 00 00 00 01 01
[   19.232068] cpif: IOD-TX(67): 00 00 43 09 43 00 2c 00 00 00 00 00 b8 0b 00 00 02 00 00 00 00 00 00 00 00 00 00 00 00 00 00 00 00 00 00 00 00 00 00 00 00 00 00 00 00 00 00 00 00 00 00 00 00 00 00 00 00 00 00 00 00 03 00 00 00 04 00
[   19.236253] cpif: IOD-TX(67): 00 00 43 09 43 00 2d 00 00 00 00 00 b8 0b 00 00 02 00 00 00 04 fd ff ff ff 01 00 00 00 05 00 00 00 0d 00 00 00 00 00 00 00 00 00 00 00 00 00 00 00 00 00 00 00 00 00 00 00 00 00 00 00 03 00 00 00 05 01
[   19.240497] cpif: IOD-TX(67): 00 00 43 09 43 00 2e 00 00 00 00 00 b8 0b 00 00 02 00 00 00 04 92 ff ff ff a6 ff ff ff b0 ff ff ff bf ff ff ff 00 00 00 00 00 00 00 00 00 00 00 00 00 00 00 00 00 00 00 00 00 00 00 00 04 00 00 00 06 01
[   19.243966] cpif: IOD-TX(67): 00 00 43 09 43 00 2f 00 00 00 00 00 b8 0b 00 00 02 00 00 00 00 00 00 00 00 00 00 00 00 00 00 00 00 00 00 00 00 00 00 00 00 00 00 00 00 00 00 00 00 00 00 00 00 00 00 00 00 00 00 00 00 04 00 00 00 07 00
[   19.247883] cpif: IOD-TX(67): 00 00 43 09 43 00 30 00 00 00 00 00 b8 0b 00 00 02 00 00 00 00 00 00 00 00 00 00 00 00 00 00 00 00 00 00 00 00 00 00 00 00 00 00 00 00 00 00 00 00 00 00 00 00 00 00 00 00 00 00 00 00 04 00 00 00 08 00
[   19.253376] cpif: IOD-TX(67): 00 00 43 09 43 00 31 00 00 00 00 00 b8 0b 00 00 02 00 00 00 00 00 00 00 00 00 00 00 00 00 00 00 00 00 00 00 00 00 00 00 00 00 00 00 00 00 00 00 00 00 00 00 00 00 00 00 00 00 00 00 00 02 00 00 00 09 00
[   19.257415] cpif: IOD-TX(16): 00 00 28 09 10 00 32 00 00 00 00 00 7f 00 00 00
[   19.261487] cpif: IOD-TX(190): 00 00 44 09 be 00 33 00 00 00 00 00 b8 0b 00 00 32 00 00 00 32 00 00 00 0e 64 00 00 00 f4 01 00 00 e8 03 00 00 88 13 00 00 10 27 00 00 20 4e 00 00 50 c3 00 00 f8 24 01 00 a0 86 01 00 40 0d 03 00 20 a1 07 00 40 42 0f 00 60 e3 16 00 80 84 1e 00 00 00 00 00 00 00 00 00 00 00 00 00 00 00 00 00 00 00 00 00 00 00 00 00 0b 64 00 00 00 f4 01 00 00 e8 03 00 00 88 13 00 00 10 27 00 00 20 4e 00 00 50 c3 00 00 f8 24 01 00 a0 86 01 00 40 0d 03 00 20 a1 07 00 00 00 00 00 00 00 00 00 00 00 00 00 00 00 00 00 00 00 00 00 00 00 00 00 00 00 00 00 00 00 00 00 00 00 00 00 01 00 00 00
[   19.265417] cpif: IOD-TX(190): 00 00 44 09 be 00 34 00 00 00 00 00 b8 0b 00 00 32 00 00 00 32 00 00 00 0e 64 00 00 00 f4 01 00 00 e8 03 00 00 88 13 00 00 10 27 00 00 20 4e 00 00 50 c3 00 00 f8 24 01 00 a0 86 01 00 40 0d 03 00 20 a1 07 00 40 42 0f 00 60 e3 16 00 80 84 1e 00 00 00 00 00 00 00 00 00 00 00 00 00 00 00 00 00 00 00 00 00 00 00 00 00 0b 64 00 00 00 f4 01 00 00 e8 03 00 00 88 13 00 00 10 27 00 00 20 4e 00 00 50 c3 00 00 f8 24 01 00 a0 86 01 00 40 0d 03 00 20 a1 07 00 00 00 00 00 00 00 00 00 00 00 00 00 00 00 00 00 00 00 00 00 00 00 00 00 00 00 00 00 00 00 00 00 00 00 00 00 02 00 00 00
[   19.269210] cpif: IOD-TX(190): 00 00 44 09 be 00 35 00 00 00 00 00 b8 0b 00 00 32 00 00 00 32 00 00 00 0e 64 00 00 00 f4 01 00 00 e8 03 00 00 88 13 00 00 10 27 00 00 20 4e 00 00 50 c3 00 00 f8 24 01 00 a0 86 01 00 40 0d 03 00 20 a1 07 00 40 42 0f 00 60 e3 16 00 80 84 1e 00 00 00 00 00 00 00 00 00 00 00 00 00 00 00 00 00 00 00 00 00 00 00 00 00 0b 64 00 00 00 f4 01 00 00 e8 03 00 00 88 13 00 00 10 27 00 00 20 4e 00 00 50 c3 00 00 f8 24 01 00 a0 86 01 00 40 0d 03 00 20 a1 07 00 00 00 00 00 00 00 00 00 00 00 00 00 00 00 00 00 00 00 00 00 00 00 00 00 00 00 00 00 00 00 00 00 00 00 00 00 03 00 00 00
[   19.273732] cpif: IOD-TX(190): 00 00 44 09 be 00 36 00 00 00 00 00 b8 0b 00 00 32 00 00 00 32 00 00 00 0e 64 00 00 00 f4 01 00 00 e8 03 00 00 88 13 00 00 10 27 00 00 20 4e 00 00 50 c3 00 00 f8 24 01 00 a0 86 01 00 40 0d 03 00 20 a1 07 00 40 42 0f 00 60 e3 16 00 80 84 1e 00 00 00 00 00 00 00 00 00 00 00 00 00 00 00 00 00 00 00 00 00 00 00 00 00 0b 64 00 00 00 f4 01 00 00 e8 03 00 00 88 13 00 00 10 27 00 00 20 4e 00 00 50 c3 00 00 f8 24 01 00 a0 86 01 00 40 0d 03 00 20 a1 07 00 00 00 00 00 00 00 00 00 00 00 00 00 00 00 00 00 00 00 00 00 00 00 00 00 00 00 00 00 00 00 00 00 00 00 00 00 05 00 00 00
[   19.277157] cpif: IOD-TX(190): 00 00 44 09 be 00 37 00 00 00 00 00 b8 0b 00 00 32 00 00 00 32 00 00 00 0e 64 00 00 00 f4 01 00 00 e8 03 00 00 88 13 00 00 10 27 00 00 20 4e 00 00 50 c3 00 00 f8 24 01 00 a0 86 01 00 40 0d 03 00 20 a1 07 00 40 42 0f 00 60 e3 16 00 80 84 1e 00 00 00 00 00 00 00 00 00 00 00 00 00 00 00 00 00 00 00 00 00 00 00 00 00 0b 64 00 00 00 f4 01 00 00 e8 03 00 00 88 13 00 00 10 27 00 00 20 4e 00 00 50 c3 00 00 f8 24 01 00 a0 86 01 00 40 0d 03 00 20 a1 07 00 00 00 00 00 00 00 00 00 00 00 00 00 00 00 00 00 00 00 00 00 00 00 00 00 00 00 00 00 00 00 00 00 00 00 00 00 04 00 00 00
[   19.281801] cpif: IOD-TX(16): 00 00 28 09 10 00 38 00 00 00 00 00 7f 00 00 00
[   19.287321] cpif: IOD-TX(190): 00 00 44 09 be 00 39 00 00 00 00 00 b8 0b 00 00 32 00 00 00 32 00 00 00 0e 64 00 00 00 f4 01 00 00 e8 03 00 00 88 13 00 00 10 27 00 00 20 4e 00 00 50 c3 00 00 f8 24 01 00 a0 86 01 00 40 0d 03 00 20 a1 07 00 40 42 0f 00 60 e3 16 00 80 84 1e 00 00 00 00 00 00 00 00 00 00 00 00 00 00 00 00 00 00 00 00 00 00 00 00 00 0b 64 00 00 00 f4 01 00 00 e8 03 00 00 88 13 00 00 10 27 00 00 20 4e 00 00 50 c3 00 00 f8 24 01 00 a0 86 01 00 40 0d 03 00 20 a1 07 00 00 00 00 00 00 00 00 00 00 00 00 00 00 00 00 00 00 00 00 00 00 00 00 00 00 00 00 00 00 00 00 00 00 00 00 00 01 00 00 00
[   19.294390] cpif: IOD-TX(190): 00 00 44 09 be 00 3a 00 00 00 00 00 b8 0b 00 00 32 00 00 00 32 00 00 00 0e 64 00 00 00 f4 01 00 00 e8 03 00 00 88 13 00 00 10 27 00 00 20 4e 00 00 50 c3 00 00 f8 24 01 00 a0 86 01 00 40 0d 03 00 20 a1 07 00 40 42 0f 00 60 e3 16 00 80 84 1e 00 00 00 00 00 00 00 00 00 00 00 00 00 00 00 00 00 00 00 00 00 00 00 00 00 0b 64 00 00 00 f4 01 00 00 e8 03 00 00 88 13 00 00 10 27 00 00 20 4e 00 00 50 c3 00 00 f8 24 01 00 a0 86 01 00 40 0d 03 00 20 a1 07 00 00 00 00 00 00 00 00 00 00 00 00 00 00 00 00 00 00 00 00 00 00 00 00 00 00 00 00 00 00 00 00 00 00 00 00 00 02 00 00 00
[   19.303022] cpif: IOD-TX(190): 00 00 44 09 be 00 3b 00 00 00 00 00 b8 0b 00 00 32 00 00 00 32 00 00 00 0e 64 00 00 00 f4 01 00 00 e8 03 00 00 88 13 00 00 10 27 00 00 20 4e 00 00 50 c3 00 00 f8 24 01 00 a0 86 01 00 40 0d 03 00 20 a1 07 00 40 42 0f 00 60 e3 16 00 80 84 1e 00 00 00 00 00 00 00 00 00 00 00 00 00 00 00 00 00 00 00 00 00 00 00 00 00 0b 64 00 00 00 f4 01 00 00 e8 03 00 00 88 13 00 00 10 27 00 00 20 4e 00 00 50 c3 00 00 f8 24 01 00 a0 86 01 00 40 0d 03 00 20 a1 07 00 00 00 00 00 00 00 00 00 00 00 00 00 00 00 00 00 00 00 00 00 00 00 00 00 00 00 00 00 00 00 00 00 00 00 00 00 03 00 00 00
[   19.315679] cpif: IOD-TX(190): 00 00 44 09 be 00 3c 00 00 00 00 00 b8 0b 00 00 32 00 00 00 32 00 00 00 0e 64 00 00 00 f4 01 00 00 e8 03 00 00 88 13 00 00 10 27 00 00 20 4e 00 00 50 c3 00 00 f8 24 01 00 a0 86 01 00 40 0d 03 00 20 a1 07 00 40 42 0f 00 60 e3 16 00 80 84 1e 00 00 00 00 00 00 00 00 00 00 00 00 00 00 00 00 00 00 00 00 00 00 00 00 00 0b 64 00 00 00 f4 01 00 00 e8 03 00 00 88 13 00 00 10 27 00 00 20 4e 00 00 50 c3 00 00 f8 24 01 00 a0 86 01 00 40 0d 03 00 20 a1 07 00 00 00 00 00 00 00 00 00 00 00 00 00 00 00 00 00 00 00 00 00 00 00 00 00 00 00 00 00 00 00 00 00 00 00 00 00 05 00 00 00
[   19.325893] cpif: IOD-TX(190): 00 00 44 09 be 00 3d 00 00 00 00 00 b8 0b 00 00 32 00 00 00 32 00 00 00 0e 64 00 00 00 f4 01 00 00 e8 03 00 00 88 13 00 00 10 27 00 00 20 4e 00 00 50 c3 00 00 f8 24 01 00 a0 86 01 00 40 0d 03 00 20 a1 07 00 40 42 0f 00 60 e3 16 00 80 84 1e 00 00 00 00 00 00 00 00 00 00 00 00 00 00 00 00 00 00 00 00 00 00 00 00 00 0b 64 00 00 00 f4 01 00 00 e8 03 00 00 88 13 00 00 10 27 00 00 20 4e 00 00 50 c3 00 00 f8 24 01 00 a0 86 01 00 40 0d 03 00 20 a1 07 00 00 00 00 00 00 00 00 00 00 00 00 00 00 00 00 00 00 00 00 00 00 00 00 00 00 00 00 00 00 00 00 00 00 00 00 00 04 00 00 00
[   19.387114] cpif: IOD-TX(12): 00 00 10 08 0c 00 3e 00 00 00 00 00
[   19.388082] cpif: IOD-TX(13): 00 00 40 07 0d 00 3f 00 00 00 00 00 00
[   19.421840] cpif: IOD-TX(12): 00 00 15 06 00 00 40 00 00 00 00 00
[   19.507093] cpif: IOD-TX(12): 00 00 0c 09 0c 00 41 00 00 00 00 00
[   19.507828] cpif: IOD-TX(12): 00 00 0c 07 0c 00 42 00 00 00 00 00
[   19.617159] cpif: IOD-TX(12): 00 00 02 07 0c 00 43 00 00 00 00 00
[   19.619573] cpif: IOD-TX(67): 00 00 43 09 43 00 44 00 00 00 00 00 b8 0b 00 00 02 00 00 00 04 95 ff ff ff 99 ff ff ff 9f ff ff ff a7 ff ff ff 00 00 00 00 00 00 00 00 00 00 00 00 00 00 00 00 00 00 00 00 00 00 00 00 01 00 00 00 01 01
[   19.643161] cpif: IOD-TX(246): 00 00 13 06 f6 00 45 00 00 00 00 00 ff ff ff ff 73 6f 73 00 00 00 00 00 00 00 00 00 00 00 00 00 00 00 00 00 00 00 00 00 00 00 00 00 00 00 00 00 00 00 00 00 00 00 00 00 00 00 00 00 00 00 00 00 00 00 00 00 00 00 00 00 00 00 00 00 00 00 00 00 00 00 00 00 00 00 00 00 00 00 00 00 00 00 00 00 00 00 00 00 00 00 00 00 00 00 00 00 00 00 00 00 00 00 00 00 00 03 03 00 00 00 00 00 00 00 00 00 00 00 00 00 00 00 00 00 00 00 00 00 00 00 00 00 00 00 00 00 00 00 00 00 00 00 00 00 00 00 00 00 00 00 00 00 00 00 00 00 00 00 00 00 00 00 00 00 00 00 00 00 00 00 00 00 00 00 00 00 00 00 00 00 00 00 00 00 00 00 00 00 00 00 00 00 00 00 00 00 00 00 00 00 00 00 00 00 00 00 00 00 00 00 00 00 00 00 00 00 00 00 00 00 00 01 00 02 00 00 00 00 00 00 00 00 00 00
[   19.668161] cpif: IOD-TX(12): 00 00 03 07 0c 00 46 00 00 00 00 00
[   19.669234] cpif: IOD-TX(67): 00 00 43 09 43 00 47 00 00 00 00 00 b8 0b 00 00 02 00 00 00 04 8d ff ff ff 97 ff ff ff a1 ff ff ff ab ff ff ff 00 00 00 00 00 00 00 00 00 00 00 00 00 00 00 00 00 00 00 00 00 00 00 00 02 00 00 00 02 01
[   19.675831] cpif: IOD-TX(12): 00 00 01 07 0c 00 48 00 00 00 00 00
[   19.676542] cpif: IOD-TX(67): 00 00 43 09 43 00 49 00 00 00 00 00 b8 0b 00 00 02 00 00 00 04 80 ff ff ff 8a ff ff ff 94 ff ff ff 9e ff ff ff 00 00 00 00 00 00 00 00 00 00 00 00 00 00 00 00 00 00 00 00 00 00 00 00 03 00 00 00 03 01
[   19.682713] cpif: IOD-TX(12): 00 00 00 07 0c 00 4a 00 00 00 00 00
[   19.682960] cpif: IOD-TX(67): 00 00 43 09 43 00 4b 00 00 00 00 00 b8 0b 00 00 02 00 00 00 00 00 00 00 00 00 00 00 00 00 00 00 00 00 00 00 00 00 00 00 00 00 00 00 00 00 00 00 00 00 00 00 00 00 00 00 00 00 00 00 00 03 00 00 00 04 00
[   19.687659] cpif: IOD-TX(67): 00 00 43 09 43 00 4c 00 00 00 00 00 b8 0b 00 00 02 00 00 00 00 00 00 00 00 00 00 00 00 00 00 00 00 00 00 00 00 00 00 00 00 00 00 00 00 00 00 00 00 00 00 00 00 00 00 00 00 00 00 00 00 03 00 00 00 05 00
[   19.690310] cpif: IOD-TX(67): 00 00 43 09 43 00 4d 00 00 00 00 00 b8 0b 00 00 02 00 00 00 04 92 ff ff ff a6 ff ff ff b0 ff ff ff bf ff ff ff 00 00 00 00 00 00 00 00 00 00 00 00 00 00 00 00 00 00 00 00 00 00 00 00 04 00 00 00 06 01
[   19.690789] cpif: IOD-TX(12): 00 00 18 07 0c 00 4e 00 00 00 00 00
[   19.694323] cpif: IOD-TX(67): 00 00 43 09 43 00 4f 00 00 00 00 00 b8 0b 00 00 02 00 00 00 00 00 00 00 00 00 00 00 00 00 00 00 00 00 00 00 00 00 00 00 00 00 00 00 00 00 00 00 00 00 00 00 00 00 00 00 00 00 00 00 00 04 00 00 00 07 00
[   19.698325] cpif: IOD-TX(67): 00 00 43 09 43 00 50 00 00 00 00 00 b8 0b 00 00 02 00 00 00 00 00 00 00 00 00 00 00 00 00 00 00 00 00 00 00 00 00 00 00 00 00 00 00 00 00 00 00 00 00 00 00 00 00 00 00 00 00 00 00 00 04 00 00 00 08 00
[   19.702187] cpif: IOD-TX(67): 00 00 43 09 43 00 51 00 00 00 00 00 b8 0b 00 00 02 00 00 00 00 00 00 00 00 00 00 00 00 00 00 00 00 00 00 00 00 00 00 00 00 00 00 00 00 00 00 00 00 00 00 00 00 00 00 00 00 00 00 00 00 02 00 00 00 09 00
[   19.863040] cpif: IOD-TX(62): 00 00 06 01 3e 00 52 00 00 00 00 00 07 00 11 02 11 00 ff 01 03 11 03 11 00 ff 00 04 11 04 11 00 ff 01 12 11 1b 11 00 ff 01 1c 11 1e 11 00 ff 00 1f 11 28 11 00 ff 01 29 11 2b 11 00 ff 00
[   19.875244] cpif: IOD-TX(14): 00 00 3c 0d 0e 00 53 00 00 00 00 00 00 01
[   19.875409] cpif: IOD-TX(14): 00 00 3a 0d 0e 00 54 00 00 00 00 00 00 01
[   19.905528] cpif: IOD-TX(14): 00 00 3c 0d 0e 00 55 00 00 00 00 00 00 01
[   19.906054] cpif: IOD-TX(14): 00 00 3a 0d 0e 00 56 00 00 00 00 00 00 01
[   19.908770] cpif: IOD-TX(14): 00 00 3c 0d 0e 00 57 00 00 00 00 00 00 02
[   19.909167] cpif: IOD-TX(14): 00 00 3a 0d 0e 00 58 00 00 00 00 00 00 02
[   19.909884] cpif: IOD-TX(16): 00 00 07 01 10 00 59 00 00 00 00 00 00 00 00 00
[   19.919897] cpif: IOD-TX(14): 00 00 39 0d 0e 00 5a 00 00 00 00 00 00 01
[   19.920300] cpif: IOD-TX(22): 00 00 0b 0d 16 00 5b 00 00 00 00 00 00 02 22 c0 61 25 96 01 00 00
[   19.925573] cpif: IOD-TX(12): 00 00 01 07 0c 00 5c 00 00 00 00 00
[   19.929040] cpif: IOD-TX(12): 00 00 01 07 0c 00 5d 00 00 00 00 00
[   20.523017] cpif: IOD-TX(10): 02 00 2d 0c 0a 00 00 00 05 00
[   20.523569] cpif: IOD-TX(22): 00 00 2c 0c 16 00 5e 00 00 00 00 00 00 01 06 00 1e 00 00 00 00 00
[   20.532959] cpif: IOD-TX(22): 00 00 2c 0c 16 00 5f 00 00 00 00 00 02 01 27 00 0f 00 00 00 00 00
[   20.540470] cpif: IOD-TX(12): 00 00 0c 09 0c 00 60 00 00 00 00 00
[   20.740136] cpif: IOD-TX(22): 00 00 0b 0d 16 00 61 00 00 00 00 00 00 02 56 c3 61 25 96 01 00 00
[   20.742564] cpif: IOD-TX(14): 00 00 39 0d 0e 00 62 00 00 00 00 00 00 02
[   20.743175] cpif: IOD-TX(22): 00 00 0b 0d 16 00 63 00 00 00 00 00 00 02 59 c3 61 25 96 01 00 00
[   21.238051] cpif: IOD-TX(12): 00 00 3e 07 0c 00 64 00 00 00 00 00
[   26.353599] cpif: IOD-TX(12): 00 00 02 07 0c 00 65 00 00 00 00 00
[   26.360390] cpif: IOD-TX(12): 00 00 03 07 0c 00 66 00 00 00 00 00
[   26.363822] cpif: IOD-TX(12): 00 00 01 07 0c 00 67 00 00 00 00 00
[   26.372468] cpif: IOD-TX(12): 00 00 00 07 0c 00 68 00 00 00 00 00
[   28.760233] cpif: IOD-TX(12): 00 00 0c 09 0c 00 69 00 00 00 00 00
[   28.845259] cpif: IOD-TX(12): 00 00 02 07 0c 00 6a 00 00 00 00 00
[   28.852178] cpif: IOD-TX(12): 00 00 03 07 0c 00 6b 00 00 00 00 00
[   28.855302] cpif: IOD-TX(12): 00 00 01 07 0c 00 6c 00 00 00 00 00
[   28.862193] cpif: IOD-TX(12): 00 00 00 07 0c 00 6d 00 00 00 00 00
[   28.870703] cpif: IOD-TX(16): 00 00 28 09 10 00 6e 00 00 00 00 00 7f 00 00 00
[   29.957084] cpif: IOD-TX(12): 00 00 18 07 0c 00 6f 00 00 00 00 00
[   32.306141] cpif: IOD-TX(12): 00 00 02 07 0c 00 70 00 00 00 00 00
[   32.320467] cpif: IOD-TX(12): 00 00 03 07 0c 00 71 00 00 00 00 00
[   32.326207] cpif: IOD-TX(12): 00 00 01 07 0c 00 72 00 00 00 00 00
[   32.332072] cpif: IOD-TX(12): 00 00 00 07 0c 00 73 00 00 00 00 00
[   32.341067] cpif: IOD-TX(12): 00 00 02 07 0c 00 74 00 00 00 00 00
[   32.346606] cpif: IOD-TX(12): 00 00 03 07 0c 00 75 00 00 00 00 00
[   32.349948] cpif: IOD-TX(12): 00 00 01 07 0c 00 76 00 00 00 00 00
[   32.354993] cpif: IOD-TX(12): 00 00 00 07 0c 00 77 00 00 00 00 00
[   40.084780] cpif: IOD-TX(12): 00 00 0c 07 0c 00 78 00 00 00 00 00
[   66.918714] cpif: IOD-TX(12): 00 00 0c 09 0c 00 79 00 00 00 00 00
[   73.780222] cpif: IOD-TX(12): 00 00 0c 09 0c 00 7a 00 00 00 00 00
[   83.800558] cpif: IOD-TX(17): 00 00 50 02 11 00 7b 00 00 00 00 00 01 01 00 00 00
[   86.596106] cpif: IOD-TX(12): 00 00 02 07 0c 00 7c 00 00 00 00 00
[   86.596546] cpif: IOD-TX(12): 00 00 00 02 0c 00 7d 00 00 00 00 00
[   86.612043] cpif: IOD-TX(532): 00 00 00 46 14 02 7e 00 00 00 00 00 1e 00 00 00 2f 76 65 6e 64 6f 72 2f 66 69 72 6d 77 61 72 65 2f 63 61 72 72 69 65 72 63 6f 6e 66 69 67 00 00 00 00 00 00 00 00 00 00 00 00 00 00 00 00 00 00 00 00 00 00 00 00 00 00 00 00 00 00 00 00 00 00 00 00 00 00 00 00 00 00 00 00 00 00 00 00 00 00 00 00 00 00 00 00 00 00 00 00 00 00 00 00 00 00 00 00 00 00 00 00 00 00 00 00 00 00 00 00 00 00 00 00 00 00 00 00 00 00 00 00 00 00 00 00 00 00 00 00 00 00 00 00 00 00 00 00 00 00 00 00 00 00 00 00 00 00 00 00 00 00 00 00 00 00 00 00 00 00 00 00 00 00 00 00 00 00 00 00 00 00 00 00 00 00 00 00 00 00 00 00 00 00 00 00 00 00 00 00 00 00 00 00 00 00 00 00 00 00 00 00 00 00 00 00 00 00 00 00 00 00 00 00 00 00 00 00 00 00 00 00 00 00 00 00 00 00 00 00 00 00 00 00 00 00 00 00 00 00 00 00 00 00 00 00 00 00 00 00 00 00 00 00 00 00 14 00 00 00 65 ca 97 6a 50 44 51 21 74 f4 8c ac 85 5f 20 33 d4 19 f8 dd 00 00 00 00 00 00 00 00 00 00 00 00 00 00 00 00 00 00 00 00 00 00 00 00 00 00 00 00 00 00 00 00 00 00 00 00 00 00 
[   86.628165] cpif: IOD-TX(12): 00 00 03 07 0c 00 7f 00 00 00 00 00
[   86.629874] cpif: IOD-TX(12): 00 00 00 02 0c 00 80 00 00 00 00 00
[   86.669872] cpif: IOD-TX(12): 00 00 01 07 0c 00 81 00 00 00 00 00
[   86.675608] cpif: IOD-TX(12): 00 00 00 07 0c 00 82 00 00 00 00 00
[   86.681582] cpif: IOD-TX(12): 00 00 02 07 0c 00 83 00 00 00 00 00
[   86.682539] cpif: IOD-TX(30): 00 00 47 02 1e 00 84 00 00 00 00 00 09 a0 00 00 01 51 41 43 4c 00 00 00 00 00 00 00 00 00
[   86.687173] cpif: IOD-TX(12): 00 00 01 07 0c 00 85 00 00 00 00 00
[   86.695528] cpif: IOD-TX(12): 00 00 03 07 0c 00 86 00 00 00 00 00
[   86.700940] cpif: IOD-TX(12): 00 00 00 07 0c 00 87 00 00 00 00 00
[   86.702613] cpif: IOD-TX(30): 00 00 47 02 1e 00 88 00 00 00 00 00 0c a0 00 00 00 63 50 4b 43 53 2d 31 35 00 00 00 00 00
[   86.709912] cpif: IOD-TX(12): 00 00 02 07 0c 00 89 00 00 00 00 00
[   86.711878] cpif: IOD-TX(14): 00 00 3a 0d 0e 00 8a 00 00 00 00 00 00 01
[   86.715494] cpif: IOD-TX(12): 00 00 01 07 0c 00 8b 00 00 00 00 00
[   86.724626] cpif: IOD-TX(30): 00 00 47 02 1e 00 8c 00 00 00 00 00 0c a0 00 00 00 18 47 50 41 43 2d 31 35 00 00 00 00 00
[   86.726179] cpif: IOD-TX(12): 00 00 03 07 0c 00 8d 00 00 00 00 00
[   86.733676] cpif: IOD-TX(12): 00 00 02 07 0c 00 8e 00 00 00 00 00
[   86.738415] cpif: IOD-TX(12): 00 00 00 07 0c 00 8f 00 00 00 00 00
[   86.745355] cpif: IOD-TX(12): 00 00 01 07 0c 00 90 00 00 00 00 00
[   86.748630] cpif: IOD-TX(30): 00 00 47 02 1e 00 91 00 00 00 00 00 10 a0 00 00 05 59 10 10 ff ff ff ff 89 00 00 01 00 00
[   86.751144] cpif: IOD-TX(12): 00 00 00 07 0c 00 92 00 00 00 00 00
[   86.759539] cpif: IOD-TX(12): 00 00 03 07 0c 00 93 00 00 00 00 00
[   86.765484] cpif: IOD-TX(12): 00 00 02 07 0c 00 94 00 00 00 00 00
[   86.769886] cpif: IOD-TX(67): 00 00 43 09 43 00 95 00 00 00 00 00 b8 0b 00 00 02 00 00 00 04 95 ff ff ff 99 ff ff ff 9f ff ff ff a7 ff ff ff 00 00 00 00 00 00 00 00 00 00 00 00 00 00 00 00 00 00 00 00 00 00 00 00 01 00 00 00 01 01
[   86.780151] cpif: IOD-TX(12): 00 00 03 07 0c 00 96 00 00 00 00 00
[   86.781773] cpif: IOD-TX(30): 00 00 47 02 1e 00 97 00 00 00 00 00 00 00 00 00 00 00 00 00 00 00 00 00 00 00 00 00 00 00
[   86.782298] cpif: IOD-TX(67): 00 00 43 09 43 00 98 00 00 00 00 00 b8 0b 00 00 02 00 00 00 04 8d ff ff ff 97 ff ff ff a1 ff ff ff ab ff ff ff 00 00 00 00 00 00 00 00 00 00 00 00 00 00 00 00 00 00 00 00 00 00 00 00 02 00 00 00 02 01
[   86.787381] cpif: IOD-TX(12): 00 00 01 07 0c 00 99 00 00 00 00 00
[   86.787985] cpif: IOD-TX(67): 00 00 43 09 43 00 9a 00 00 00 00 00 b8 0b 00 00 02 00 00 00 04 80 ff ff ff 8a ff ff ff 94 ff ff ff 9e ff ff ff 00 00 00 00 00 00 00 00 00 00 00 00 00 00 00 00 00 00 00 00 00 00 00 00 03 00 00 00 03 01
[   86.793157] cpif: IOD-TX(67): 00 00 43 09 43 00 9b 00 00 00 00 00 b8 0b 00 00 02 00 00 00 00 00 00 00 00 00 00 00 00 00 00 00 00 00 00 00 00 00 00 00 00 00 00 00 00 00 00 00 00 00 00 00 00 00 00 00 00 00 00 00 00 03 00 00 00 04 00
[   86.799911] cpif: IOD-TX(12): 00 00 00 07 0c 00 9c 00 00 00 00 00
[   86.800834] cpif: IOD-TX(67): 00 00 43 09 43 00 9d 00 00 00 00 00 b8 0b 00 00 02 00 00 00 00 00 00 00 00 00 00 00 00 00 00 00 00 00 00 00 00 00 00 00 00 00 00 00 00 00 00 00 00 00 00 00 00 00 00 00 00 00 00 00 00 03 00 00 00 05 00
[   86.809220] cpif: IOD-TX(12): 00 00 11 07 0c 00 9e 00 00 00 00 00
[   86.811745] cpif: IOD-TX(67): 00 00 43 09 43 00 9f 00 00 00 00 00 b8 0b 00 00 02 00 00 00 04 92 ff ff ff a6 ff ff ff b0 ff ff ff bf ff ff ff 00 00 00 00 00 00 00 00 00 00 00 00 00 00 00 00 00 00 00 00 00 00 00 00 04 00 00 00 06 01
[   86.814997] cpif: IOD-TX(67): 00 00 43 09 43 00 a0 00 00 00 00 00 b8 0b 00 00 02 00 00 00 00 00 00 00 00 00 00 00 00 00 00 00 00 00 00 00 00 00 00 00 00 00 00 00 00 00 00 00 00 00 00 00 00 00 00 00 00 00 00 00 00 04 00 00 00 07 00
[   86.815255] cpif: IOD-TX(12): 00 00 02 07 0c 00 a1 00 00 00 00 00
[   86.819763] cpif: IOD-TX(67): 00 00 43 09 43 00 a2 00 00 00 00 00 b8 0b 00 00 02 00 00 00 00 00 00 00 00 00 00 00 00 00 00 00 00 00 00 00 00 00 00 00 00 00 00 00 00 00 00 00 00 00 00 00 00 00 00 00 00 00 00 00 00 04 00 00 00 08 00
[   86.822379] cpif: IOD-TX(12): 00 00 03 07 0c 00 a3 00 00 00 00 00
[   86.824061] cpif: IOD-TX(67): 00 00 43 09 43 00 a4 00 00 00 00 00 b8 0b 00 00 02 00 00 00 00 00 00 00 00 00 00 00 00 00 00 00 00 00 00 00 00 00 00 00 00 00 00 00 00 00 00 00 00 00 00 00 00 00 00 00 00 00 00 00 00 02 00 00 00 09 00
[   86.826871] cpif: IOD-TX(12): 00 00 01 07 0c 00 a5 00 00 00 00 00
[   86.833146] cpif: IOD-TX(12): 00 00 00 07 0c 00 a6 00 00 00 00 00
[   86.834651] cpif: IOD-TX(70): 00 00 0f 02 46 00 a7 00 00 00 00 00 01 00 00 00 81 00 00 00 e2 00 00 00 91 00 00 00 00 00 00 00 10 00 00 00 10 00 bf 2d 0d 5c 0b 5a 90 91 92 b7 9f 70 95 99 bf 76 00 00 00 00 00 00 00 00 00 00 00 00 00 00 00 00
[   86.850612] cpif: IOD-TX(12): 00 00 1b 09 0c 00 a8 00 00 00 00 00
[   86.861222] cpif: IOD-TX(246): 00 00 13 06 f6 00 a9 00 00 00 00 00 ff ff ff ff 73 6f 73 00 00 00 00 00 00 00 00 00 00 00 00 00 00 00 00 00 00 00 00 00 00 00 00 00 00 00 00 00 00 00 00 00 00 00 00 00 00 00 00 00 00 00 00 00 00 00 00 00 00 00 00 00 00 00 00 00 00 00 00 00 00 00 00 00 00 00 00 00 00 00 00 00 00 00 00 00 00 00 00 00 00 00 00 00 00 00 00 00 00 00 00 00 00 00 00 00 00 03 03 00 00 00 00 00 00 00 00 00 00 00 00 00 00 00 00 00 00 00 00 00 00 00 00 00 00 00 00 00 00 00 00 00 00 00 00 00 00 00 00 00 00 00 00 00 00 00 00 00 00 00 00 00 00 00 00 00 00 00 00 00 00 00 00 00 00 00 00 00 00 00 00 00 00 00 00 00 00 00 00 00 00 00 00 00 00 00 00 00 00 00 00 00 00 00 00 00 00 00 00 00 00 00 00 00 00 00 00 00 00 00 00 00 00 01 00 02 00 00 00 00 00 00 00 00 00 00
[   86.863796] cpif: IOD-TX(12): 00 00 02 07 0c 00 aa 00 00 00 00 00
[   86.870551] cpif: IOD-TX(12): 00 00 03 07 0c 00 ab 00 00 00 00 00
[   86.877108] cpif: IOD-TX(12): 00 00 01 07 0c 00 ac 00 00 00 00 00
[   86.877752] cpif: IOD-TX(16): 00 00 0e 02 10 00 ad 00 00 00 00 00 01 00 00 00
[   86.883625] cpif: IOD-TX(12): 00 00 00 07 0c 00 ae 00 00 00 00 00
[   86.889591] cpif: IOD-TX(12): 00 00 18 07 0c 00 af 00 00 00 00 00
[   86.963008] cpif: IOD-TX(30): 00 00 47 02 1e 00 b0 00 00 00 00 00 10 a0 00 00 05 59 10 10 ff ff ff ff 89 00 00 01 00 00
[   87.002473] cpif: IOD-TX(44): 00 00 0f 02 2c 00 b1 00 00 00 00 00 01 00 00 00 81 00 00 00 e2 00 00 00 91 00 00 00 00 00 00 00 03 00 00 00 03 00 bf 2e 00 00 00 00
[   87.034914] cpif: IOD-TX(16): 00 00 0e 02 10 00 b2 00 00 00 00 00 01 00 00 00
[   87.049698] cpif: IOD-TX(30): 00 00 47 02 1e 00 b3 00 00 00 00 00 10 a0 00 00 05 59 10 10 ff ff ff ff 89 00 00 01 00 00
[   87.076614] cpif: IOD-TX(44): 00 00 0f 02 2c 00 b4 00 00 00 00 00 01 00 00 00 81 00 00 00 e2 00 00 00 91 00 00 00 00 00 00 00 03 00 00 00 03 00 bf 20 00 00 00 00
[   87.094724] cpif: IOD-TX(16): 00 00 0e 02 10 00 b5 00 00 00 00 00 01 00 00 00
[   87.807332] cpif: IOD-TX(30): 00 00 47 02 1e 00 b6 00 00 00 00 00 10 a0 00 00 05 59 10 10 ff ff ff ff 89 00 00 01 00 00
[   87.845638] cpif: IOD-TX(548): 00 00 0f 02 24 02 b7 00 00 00 00 00 01 00 00 00 81 00 00 00 e2 00 00 00 11 00 00 00 00 00 00 00 ff 00 00 00 ff 00 bf 38 82 03 4f 30 52 80 10 15 05 fd 3e 60 8a 49 51 81 57 a8 e3 99 ac 3f 11 81 10 cf 45 5a 52 9e 56 5b 1e 5b 57 f5 2b 8a ba bd a3 83 1a 6c 70 61 2e 6c 69 76 65 2e 65 73 69 6d 64 69 73 63 6f 76 65 72 79 2e 63 6f 6d 84 10 ac ac 71 90 e2 c9 4d 65 87 96 4d 32 74 8f 57 f2 5f 37 40 bf 7e e7 0d 53 c2 d2 b2 cf f2 fe 96 00 70 71 0d 5c 02 ae 57 4b a6 cd 9d 01 c7 4e 70 0f 49 e8 73 99 6c a9 2a c4 54 3f 07 ac cc be db 5f 64 0f d8 ac 16 52 01 d2 e9 19 5c f1 8c 95 42 77 ff 33 41 04 14 81 37 0f 51 25 d0 b1 d4 08 d4 c3 b2 32 e6 d2 5e 79 5b eb fb 30 82 02 68 30 82 02 0d a0 03 02 01 02 02 10 17 99 97 ab 05 38 9e 7e 35 fc 82 b0 75 fc ec 5c 30 0a 06 08 2a 86 48 ce 3d 04 03 02 30 44 31 18 30 16 06 03 55 04 0a 13 0f 47 53 4d 20 41 73 73 6f 63 69 61 74 69 6f 6e 31 28 30 26 06 03 00 00 00 00 00 00 00 00 00 00 00 00 00 00 00 00 00 00 00 00 00 00 00 00 00 00 00 00 00 00 00 00 00 00 00 00 00 00 00 00 00 
[   87.871818] cpif: IOD-TX(548): 00 00 0f 02 24 02 b8 00 00 00 00 00 01 00 00 00 81 00 00 00 e2 00 00 00 11 00 00 00 01 00 00 00 ff 00 00 00 ff 00 55 04 03 13 1f 47 53 4d 20 41 73 73 6f 63 69 61 74 69 6f 6e 20 2d 20 52 53 50 32 20 52 6f 6f 74 20 43 49 31 30 1e 17 0d 32 33 30 32 32 38 30 30 30 30 30 30 5a 17 0d 32 36 30 32 32 37 32 33 35 39 35 39 5a 30 4e 31 0b 30 09 06 03 55 04 06 13 02 55 53 31 11 30 0f 06 03 55 04 07 0c 08 56 69 72 67 69 6e 69 61 31 12 30 10 06 03 55 04 0a 0c 09 54 68 61 6c 65 73 20 53 41 31 18 30 16 06 03 55 04 03 0c 0f 47 6f 6f 67 6c 65 20 53 4d 44 53 20 55 45 34 30 59 30 13 06 07 2a 86 48 ce 3d 02 01 06 08 2a 86 48 ce 3d 03 01 07 03 42 00 04 e1 3b 3d 1a 57 b3 4a ad 6d a7 d1 48 19 97 18 69 cd ee 32 4c 65 e5 0e 48 87 a1 a1 1b 35 30 ef 9c af d7 5a 24 0c 87 42 c3 b1 48 3c d4 a0 2e 8f 6e 99 84 59 9d 00 95 a2 3d a2 b3 d5 81 dc 7e 1f 84 a3 81 d6 30 81 d3 30 17 06 03 55 1d 20 01 01 ff 00 00 00 00 00 00 00 00 00 00 00 00 00 00 00 00 00 00 00 00 00 00 00 00 00 00 00 00 00 00 00 00 00 00 00 00 00 00 00 00 00 
[   87.899110] cpif: IOD-TX(548): 00 00 0f 02 24 02 b9 00 00 00 00 00 01 00 00 00 81 00 00 00 e2 00 00 00 11 00 00 00 02 00 00 00 ff 00 00 00 ff 00 04 0d 30 0b 30 09 06 07 67 81 12 01 02 01 07 30 4d 06 03 55 1d 1f 04 46 30 44 30 42 a0 40 a0 3e 86 3c 68 74 74 70 3a 2f 2f 67 73 6d 61 2d 63 72 6c 2e 73 79 6d 61 75 74 68 2e 63 6f 6d 2f 6f 66 66 6c 69 6e 65 63 61 2f 67 73 6d 61 2d 72 73 70 32 2d 72 6f 6f 74 2d 63 69 31 2e 63 72 6c 30 0e 06 03 55 1d 0f 01 01 ff 04 04 03 02 07 80 30 19 06 03 55 1d 11 04 12 30 10 88 0e 2b 06 01 04 01 81 f8 02 01 81 5c 82 2c 6e 30 1d 06 03 55 1d 0e 04 16 04 14 d5 12 a4 97 9b 30 82 ca f9 a3 e6 ec 81 63 92 f6 ce 85 a3 6d 30 1f 06 03 55 1d 23 04 18 30 16 80 14 81 37 0f 51 25 d0 b1 d4 08 d4 c3 b2 32 e6 d2 5e 79 5b eb fb 30 0a 06 08 2a 86 48 ce 3d 04 03 02 03 49 00 30 46 02 21 00 a6 51 ac b4 9d 58 96 63 64 c6 cf 18 26 49 b6 6e 67 ca 2e f9 70 32 7c 8b 40 26 75 dc 60 70 c1 28 02 21 00 00 00 00 00 00 00 00 00 00 00 00 00 00 00 00 00 00 00 00 00 00 00 00 00 00 00 00 00 00 00 00 00 00 00 00 00 00 00 00 00 
[   87.924700] cpif: IOD-TX(212): 00 00 0f 02 d4 00 ba 00 00 00 00 00 01 00 00 00 81 00 00 00 e2 00 00 00 91 00 00 00 03 00 00 00 57 00 00 00 57 00 00 fa 76 b1 17 98 a8 76 f9 56 b1 ad b9 b7 e4 27 dd 59 ff cc 08 06 b8 45 3a a3 7e 32 3e 8a 13 71 2d a0 34 80 00 a1 30 80 04 53 47 93 15 a1 1e 80 03 08 00 00 81 03 09 00 00 85 03 0f 00 00 88 03 0f 00 00 89 03 0f 00 00 8a 03 0f 00 00 82 08 53 47 93 15 93 53 45 3f 00 00 00 00 00 00 00 00 00 00 00 00 00 00 00 00 00 00 00 00 00 00 00 00 00 00 00 00 00 00 00 00 00 00 00 00 00 00 00 00 00 00 00 00 00 00 00 00 00 00 00 00 00 00 00 00 00 00 00 00 00 00 00 00 00 00 00 00 00 00 00 00 00 00 00 00 00 00 00 00 00 00 00 00 00 00 00
[   88.315725] cpif: IOD-TX(12): 00 00 02 07 0c 00 bb 00 00 00 00 00
[   88.325579] cpif: IOD-TX(12): 00 00 01 07 0c 00 bc 00 00 00 00 00
[   88.332115] cpif: IOD-TX(12): 00 00 03 07 0c 00 bd 00 00 00 00 00
[   88.334351] cpif: IOD-TX(12): 00 00 00 07 0c 00 be 00 00 00 00 00
[   88.343187] cpif: IOD-TX(12): 00 00 02 07 0c 00 bf 00 00 00 00 00
[   88.349377] cpif: IOD-TX(12): 00 00 01 07 0c 00 c0 00 00 00 00 00
[   88.357539] cpif: IOD-TX(16): 00 00 0e 02 10 00 c1 00 00 00 00 00 01 00 00 00
[   88.358972] cpif: IOD-TX(12): 00 00 00 07 0c 00 c2 00 00 00 00 00
[   88.364805] cpif: IOD-TX(12): 00 00 03 07 0c 00 c3 00 00 00 00 00
[   88.374701] cpif: IOD-TX(30): 00 00 47 02 1e 00 c4 00 00 00 00 00 10 a0 00 00 05 59 10 10 ff ff ff ff 89 00 00 01 00 00
[   88.408675] cpif: IOD-TX(44): 00 00 0f 02 2c 00 c5 00 00 00 00 00 01 00 00 00 81 00 00 00 e2 00 00 00 91 00 00 00 00 00 00 00 03 00 00 00 03 00 bf 22 00 00 00 00
[   88.432570] cpif: IOD-TX(16): 00 00 0e 02 10 00 c6 00 00 00 00 00 01 00 00 00
[   88.460910] cpif: IOD-TX(30): 00 00 47 02 1e 00 c7 00 00 00 00 00 10 a0 00 00 05 59 10 10 ff ff ff ff 89 00 00 01 00 00
[   88.487180] cpif: IOD-TX(44): 00 00 0f 02 2c 00 c8 00 00 00 00 00 01 00 00 00 81 00 00 00 e2 00 00 00 91 00 00 00 00 00 00 00 03 00 00 00 03 00 bf 22 00 00 00 00
[   88.514032] cpif: IOD-TX(16): 00 00 0e 02 10 00 c9 00 00 00 00 00 01 00 00 00
[   88.761323] cpif: IOD-TX(30): 00 00 47 02 1e 00 ca 00 00 00 00 00 10 a0 00 00 05 59 10 10 ff ff ff ff 89 00 00 01 00 00
[   88.790227] cpif: IOD-TX(44): 00 00 0f 02 2c 00 cb 00 00 00 00 00 01 00 00 00 81 00 00 00 e2 00 00 00 91 00 00 00 00 00 00 00 03 00 00 00 03 00 bf 2e 00 00 00 00
[   88.976058] cpif: IOD-TX(16): 00 00 0e 02 10 00 cc 00 00 00 00 00 01 00 00 00
[   89.187238] cpif: IOD-TX(30): 00 00 47 02 1e 00 cd 00 00 00 00 00 10 a0 00 00 05 59 10 10 ff ff ff ff 89 00 00 01 00 00
[   89.215076] cpif: IOD-TX(44): 00 00 0f 02 2c 00 ce 00 00 00 00 00 01 00 00 00 81 00 00 00 e2 00 00 00 91 00 00 00 00 00 00 00 03 00 00 00 03 00 bf 22 00 00 00 00
[   89.247020] cpif: IOD-TX(16): 00 00 0e 02 10 00 cf 00 00 00 00 00 01 00 00 00
[   89.266874] cpif: IOD-TX(30): 00 00 47 02 1e 00 d0 00 00 00 00 00 10 a0 00 00 05 59 10 10 ff ff ff ff 89 00 00 01 00 00
[   89.294723] cpif: IOD-TX(44): 00 00 0f 02 2c 00 d1 00 00 00 00 00 01 00 00 00 81 00 00 00 e2 00 00 00 91 00 00 00 00 00 00 00 03 00 00 00 03 00 bf 20 00 00 00 00
[   89.311880] cpif: IOD-TX(16): 00 00 0e 02 10 00 d2 00 00 00 00 00 01 00 00 00
[   89.325564] cpif: IOD-TX(30): 00 00 47 02 1e 00 d3 00 00 00 00 00 10 a0 00 00 05 59 10 10 ff ff ff ff 89 00 00 01 00 00
[   89.356554] cpif: IOD-TX(44): 00 00 0f 02 2c 00 d4 00 00 00 00 00 01 00 00 00 81 00 00 00 e2 00 00 00 91 00 00 00 00 00 00 00 03 00 00 00 03 00 bf 22 00 00 00 00
[   89.380741] cpif: IOD-TX(16): 00 00 0e 02 10 00 d5 00 00 00 00 00 01 00 00 00
[   89.573200] cpif: IOD-TX(30): 00 00 47 02 1e 00 d6 00 00 00 00 00 10 a0 00 00 05 59 10 10 ff ff ff ff 89 00 00 01 00 00
[   89.607931] cpif: IOD-TX(548): 00 00 0f 02 24 02 d7 00 00 00 00 00 01 00 00 00 81 00 00 00 e2 00 00 00 11 00 00 00 00 00 00 00 ff 00 00 00 ff 00 bf 38 82 03 4c 30 47 80 10 99 f2 f7 e7 64 62 49 eb aa f4 00 8a d2 0c 71 f9 81 10 3d 49 67 82 30 81 67 e1 22 e5 4b 69 b8 b3 d4 34 83 0f 6c 70 61 2e 64 73 2e 67 73 6d 61 2e 63 6f 6d 84 10 b4 95 17 62 9a 80 4b 3c 9d 8b b0 00 50 7e c3 b2 5f 37 40 c0 35 6a a1 f6 dc e2 6c 4c d5 f5 50 bf ae d1 05 4d 18 7a 0c a6 1c a9 60 d5 d9 aa a3 06 dc 6d 77 53 8e f5 9f bf da 9d 94 18 c1 c0 ac 6a ba fc ed b9 a4 67 1a 1d fe b7 55 e7 2b 37 45 0f da 07 d8 04 14 81 37 0f 51 25 d0 b1 d4 08 d4 c3 b2 32 e6 d2 5e 79 5b eb fb 30 82 02 70 30 82 02 16 a0 03 02 01 02 02 10 13 ae 5e 1b 77 61 e7 83 e6 1e 39 91 29 5a b5 3d 30 0a 06 08 2a 86 48 ce 3d 04 03 02 30 44 31 18 30 16 06 03 55 04 0a 13 0f 47 53 4d 20 41 73 73 6f 63 69 61 74 69 6f 6e 31 28 30 26 06 03 55 04 03 13 1f 47 53 4d 20 41 73 00 00 00 00 00 00 00 00 00 00 00 00 00 00 00 00 00 00 00 00 00 00 00 00 00 00 00 00 00 00 00 00 00 00 00 00 00 00 00 00 00 
[   89.640125] cpif: IOD-TX(548): 00 00 0f 02 24 02 d8 00 00 00 00 00 01 00 00 00 81 00 00 00 e2 00 00 00 11 00 00 00 01 00 00 00 ff 00 00 00 ff 00 73 6f 63 69 61 74 69 6f 6e 20 2d 20 52 53 50 32 20 52 6f 6f 74 20 43 49 31 30 1e 17 0d 32 33 30 36 32 31 30 30 30 30 30 30 5a 17 0d 32 36 30 36 32 30 32 33 35 39 35 39 5a 30 5e 31 0b 30 09 06 03 55 04 06 13 02 44 45 31 12 30 10 06 03 55 04 07 0c 09 46 72 61 6e 6b 66 75 72 74 31 12 30 10 06 03 55 04 0a 0c 09 54 68 61 6c 65 73 20 53 41 31 0b 30 09 06 03 55 04 0b 0c 02 49 54 31 1a 30 18 06 03 55 04 03 0c 11 47 43 50 20 45 57 33 20 50 52 4f 44 20 53 4d 44 53 30 59 30 13 06 07 2a 86 48 ce 3d 02 01 06 08 2a 86 48 ce 3d 03 01 07 03 42 00 04 ee a2 ce e2 a6 cb f9 18 4a bb 31 e3 60 40 c8 f9 25 bf 58 a4 9d 19 58 98 0b 2c 0f 67 71 18 77 8a 33 e5 07 d8 49 a0 0e 9a 39 79 1a 34 f6 c7 e9 79 d1 20 fe f5 c7 dc 0e 82 ed c5 93 a3 29 e1 c7 3b a3 81 cf 30 81 cc 30 12 06 03 55 00 00 00 00 00 00 00 00 00 00 00 00 00 00 00 00 00 00 00 00 00 00 00 00 00 00 00 00 00 00 00 00 00 00 00 00 00 00 00 00 00 
[   89.667114] cpif: IOD-TX(548): 00 00 0f 02 24 02 d9 00 00 00 00 00 01 00 00 00 81 00 00 00 e2 00 00 00 11 00 00 00 02 00 00 00 ff 00 00 00 ff 00 1d 11 04 0b 30 09 88 07 67 81 12 01 87 05 02 30 1d 06 03 55 1d 0e 04 16 04 14 a9 dd ca 9d 22 b0 6a bf dc 91 a7 67 72 85 dc e1 72 d8 00 6f 30 17 06 03 55 1d 20 01 01 ff 04 0d 30 0b 30 09 06 07 67 81 12 01 02 01 07 30 4d 06 03 55 1d 1f 04 46 30 44 30 42 a0 40 a0 3e 86 3c 68 74 74 70 3a 2f 2f 67 73 6d 61 2d 63 72 6c 2e 73 79 6d 61 75 74 68 2e 63 6f 6d 2f 6f 66 66 6c 69 6e 65 63 61 2f 67 73 6d 61 2d 72 73 70 32 2d 72 6f 6f 74 2d 63 69 31 2e 63 72 6c 30 0e 06 03 55 1d 0f 01 01 ff 04 04 03 02 07 80 30 1f 06 03 55 1d 23 04 18 30 16 80 14 81 37 0f 51 25 d0 b1 d4 08 d4 c3 b2 32 e6 d2 5e 79 5b eb fb 30 0a 06 08 2a 86 48 ce 3d 04 03 02 03 48 00 30 45 02 20 61 fa c6 71 0a d6 20 03 25 eb f3 76 cf 7e cf 6b 33 ee d9 e4 70 f0 7f 68 84 30 ce 4a 39 c5 2c 3e 02 21 00 ee a6 00 00 00 00 00 00 00 00 00 00 00 00 00 00 00 00 00 00 00 00 00 00 00 00 00 00 00 00 00 00 00 00 00 00 00 00 00 00 00 00 00 
[   89.695686] cpif: IOD-TX(206): 00 00 0f 02 ce 00 da 00 00 00 00 00 01 00 00 00 81 00 00 00 e2 00 00 00 91 00 00 00 03 00 00 00 54 00 00 00 54 00 66 04 c0 15 d6 08 e6 db 7c dd a3 87 46 af c5 44 d9 c8 2a 6a 4e 2d a8 08 16 4c 2e 99 53 20 a0 34 80 00 a1 30 80 04 53 47 93 15 a1 1e 80 03 08 00 00 81 03 09 00 00 85 03 0f 00 00 88 03 0f 00 00 89 03 0f 00 00 8a 03 0f 00 00 82 08 53 47 93 15 93 53 45 3f 00 00 00 00 00 00 00 00 00 00 00 00 00 00 00 00 00 00 00 00 00 00 00 00 00 00 00 00 00 00 00 00 00 00 00 00 00 00 00 00 00 00 00 00 00 00 00 00 00 00 00 00 00 00 00 00 00 00 00 00 00 00 00 00 00 00 00 00 00 00 00 00 00 00 00 00 00 00 00 00 00 00 00 00
[   90.123051] cpif: IOD-TX(16): 00 00 0e 02 10 00 db 00 00 00 00 00 01 00 00 00
[   90.144948] cpif: IOD-TX(30): 00 00 47 02 1e 00 dc 00 00 00 00 00 10 a0 00 00 05 59 10 10 ff ff ff ff 89 00 00 01 00 00
[   90.176472] cpif: IOD-TX(44): 00 00 0f 02 2c 00 dd 00 00 00 00 00 01 00 00 00 81 00 00 00 e2 00 00 00 91 00 00 00 00 00 00 00 03 00 00 00 03 00 bf 22 00 00 00 00
[   90.209801] cpif: IOD-TX(16): 00 00 0e 02 10 00 de 00 00 00 00 00 01 00 00 00
[   90.236448] cpif: IOD-TX(30): 00 00 47 02 1e 00 df 00 00 00 00 00 10 a0 00 00 05 59 10 10 ff ff ff ff 89 00 00 01 00 00
[   90.264719] cpif: IOD-TX(44): 00 00 0f 02 2c 00 e0 00 00 00 00 00 01 00 00 00 81 00 00 00 e2 00 00 00 91 00 00 00 00 00 00 00 03 00 00 00 03 00 bf 22 00 00 00 00
[   90.290089] cpif: IOD-TX(16): 00 00 0e 02 10 00 e1 00 00 00 00 00 01 00 00 00
[   90.323897] cpif: IOD-TX(30): 00 00 47 02 1e 00 e2 00 00 00 00 00 10 a0 00 00 05 59 10 10 ff ff ff ff 89 00 00 01 00 00
[   90.350535] cpif: IOD-TX(44): 00 00 0f 02 2c 00 e3 00 00 00 00 00 01 00 00 00 81 00 00 00 e2 00 00 00 91 00 00 00 00 00 00 00 03 00 00 00 03 00 bf 22 00 00 00 00
[   90.373537] cpif: IOD-TX(16): 00 00 0e 02 10 00 e4 00 00 00 00 00 01 00 00 00
[   90.394586] cpif: IOD-TX(30): 00 00 47 02 1e 00 e5 00 00 00 00 00 10 a0 00 00 05 59 10 10 ff ff ff ff 89 00 00 01 00 00
[   90.423224] cpif: IOD-TX(44): 00 00 0f 02 2c 00 e6 00 00 00 00 00 01 00 00 00 81 00 00 00 e2 00 00 00 91 00 00 00 00 00 00 00 03 00 00 00 03 00 bf 22 00 00 00 00
[   90.451573] cpif: IOD-TX(16): 00 00 0e 02 10 00 e7 00 00 00 00 00 01 00 00 00
[   90.473849] cpif: IOD-TX(30): 00 00 47 02 1e 00 e8 00 00 00 00 00 10 a0 00 00 05 59 10 10 ff ff ff ff 89 00 00 01 00 00
[   90.499113] cpif: IOD-TX(44): 00 00 0f 02 2c 00 e9 00 00 00 00 00 01 00 00 00 81 00 00 00 e2 00 00 00 91 00 00 00 00 00 00 00 03 00 00 00 03 00 bf 22 00 00 00 00
[   90.525283] cpif: IOD-TX(16): 00 00 0e 02 10 00 ea 00 00 00 00 00 01 00 00 00
[   91.052701] cpif: IOD-TX(12): 00 00 02 07 0c 00 eb 00 00 00 00 00
[   91.062376] cpif: IOD-TX(12): 00 00 01 07 0c 00 ec 00 00 00 00 00
[   91.078753] cpif: IOD-TX(14): 00 00 3a 0d 0e 00 ed 00 00 00 00 00 00 01
[   91.081929] cpif: IOD-TX(12): 00 00 03 07 0c 00 ee 00 00 00 00 00
[   91.131209] cpif: IOD-TX(22): 00 00 0b 0d 16 00 ef 00 00 00 00 00 00 02 4d d6 62 25 96 01 00 00
[   91.381567] cpif: IOD-TX(14): 00 00 3a 0d 0e 00 f0 00 00 00 00 00 00 01
[   91.382149] cpif: IOD-TX(12): 00 00 00 07 0c 00 f1 00 00 00 00 00
[   91.538390] cpif: IOD-TX(14): 00 00 39 0d 0e 00 f2 00 00 00 00 00 00 01
[   91.547043] cpif: IOD-TX(12): 00 00 02 07 0c 00 f3 00 00 00 00 00
[   91.555163] cpif: IOD-TX(12): 00 00 03 07 0c 00 f4 00 00 00 00 00
[   91.560722] cpif: IOD-TX(12): 00 00 01 07 0c 00 f5 00 00 00 00 00
[   91.566899] cpif: IOD-TX(12): 00 00 00 07 0c 00 f6 00 00 00 00 00
[   91.575014] cpif: IOD-TX(12): 00 00 02 07 0c 00 f7 00 00 00 00 00
[   91.583016] cpif: IOD-TX(12): 00 00 03 07 0c 00 f8 00 00 00 00 00
[   91.591381] cpif: IOD-TX(12): 00 00 01 07 0c 00 f9 00 00 00 00 00
[   91.596301] cpif: IOD-TX(12): 00 00 00 07 0c 00 fa 00 00 00 00 00
[   91.602451] cpif: IOD-TX(12): 00 00 02 07 0c 00 fb 00 00 00 00 00
[   91.608290] cpif: IOD-TX(12): 00 00 01 07 0c 00 fc 00 00 00 00 00
[   91.616214] cpif: IOD-TX(12): 00 00 03 07 0c 00 fd 00 00 00 00 00
[   91.622172] cpif: IOD-TX(12): 00 00 00 07 0c 00 fe 00 00 00 00 00
[   91.628852] cpif: IOD-TX(12): 00 00 01 07 0c 00 ff 00 00 00 00 00
[   92.807964] cpif: IOD-TX(12): 00 00 02 07 0c 00 00 01 00 00 00 00
[   92.821577] cpif: IOD-TX(12): 00 00 01 07 0c 00 01 01 00 00 00 00
[   92.830646] cpif: IOD-TX(12): 00 00 03 07 0c 00 02 01 00 00 00 00
[   92.836758] cpif: IOD-TX(12): 00 00 00 07 0c 00 03 01 00 00 00 00
[   92.843848] cpif: IOD-TX(12): 00 00 02 07 0c 00 04 01 00 00 00 00
[   92.849956] cpif: IOD-TX(12): 00 00 01 07 0c 00 05 01 00 00 00 00
[   92.861972] cpif: IOD-TX(12): 00 00 03 07 0c 00 06 01 00 00 00 00
[   92.868878] cpif: IOD-TX(12): 00 00 00 07 0c 00 07 01 00 00 00 00
[  110.213316] cpif: IOD-TX(12): 00 00 0c 09 0c 00 08 01 00 00 00 00
[  111.053714] cpif: IOD-TX(12): 00 00 0c 09 0c 00 09 01 00 00 00 00
[  111.413193] cpif: IOD-TX(12): 00 00 0c 09 0c 00 0a 01 00 00 00 00
[  113.933570] cpif: IOD-TX(12): 00 00 0c 09 0c 00 0b 01 00 00 00 00
[  114.002917] cpif: IOD-TX(30): 00 00 47 02 1e 00 0c 01 00 00 00 00 10 a0 00 00 05 59 10 10 ff ff ff ff 89 00 00 01 00 00
[  114.026923] cpif: IOD-TX(44): 00 00 0f 02 2c 00 0d 01 00 00 00 00 01 00 00 00 81 00 00 00 e2 00 00 00 91 00 00 00 00 00 00 00 03 00 00 00 03 00 bf 22 00 00 00 00
[  114.053476] cpif: IOD-TX(16): 00 00 0e 02 10 00 0e 01 00 00 00 00 01 00 00 00
